<?xml version="1.0" encoding="UTF-8"?>
<!-- Generated by org.testng.reporters.JUnitReportReporter -->
<testsuite skipped="0" hostname="LAPTOP-HKPJFGE0" name="com.techhelpine.TestCases.TC_LoginTest_001" tests="1" failures="0" timestamp="08 Apr 2020 13:34:07 GMT" time="8.587" errors="0">
  <testcase name="loginTest" time="8.587" classname="com.techhelpine.TestCases.TC_LoginTest_001"/>
</testsuite> <!-- com.techhelpine.TestCases.TC_LoginTest_001 -->
