<?xml version="1.0" encoding="UTF-8"?>
<!-- Generated by org.testng.reporters.JUnitReportReporter -->
<testsuite skipped="0" hostname="LAPTOP-HKPJFGE0" name="com.techhelpline.exceptionsdemo.TestNGExceptionHandling" tests="1" failures="0" timestamp="11 Apr 2020 09:51:04 GMT" time="0.030" errors="0">
  <testcase name="testException" time="0.030" classname="com.techhelpline.exceptionsdemo.TestNGExceptionHandling"/>
</testsuite> <!-- com.techhelpline.exceptionsdemo.TestNGExceptionHandling -->
