<?xml version="1.0" encoding="UTF-8"?>
<!-- Generated by org.testng.reporters.JUnitReportReporter -->
<testsuite skipped="0" hostname="LAPTOP-HKPJFGE0" name="com.techhelpline.AutoIT.AutoITDemo" tests="1" failures="0" timestamp="23 Apr 2020 07:50:01 GMT" time="9.365" errors="0">
  <testcase name="uploadFileUsingAutoIT" time="9.365" classname="com.techhelpline.AutoIT.AutoITDemo"/>
</testsuite> <!-- com.techhelpline.AutoIT.AutoITDemo -->
