<?xml version="1.0" encoding="UTF-8"?>
<!-- Generated by org.testng.reporters.JUnitReportReporter -->
<testsuite skipped="0" hostname="LAPTOP-HKPJFGE0" name="com.techhelpline.autoitdemo.AutoITDemo" tests="1" failures="0" timestamp="23 Apr 2020 08:57:49 GMT" time="20.490" errors="0">
  <testcase name="uploadFileUsingAutoIT" time="20.490" classname="com.techhelpline.autoitdemo.AutoITDemo"/>
</testsuite> <!-- com.techhelpline.autoitdemo.AutoITDemo -->
